    ____  ____
   /   /\/   /
  /___/  \  /    VENDOR      : Xilinx Inc.
  \   \   \/     VERSION     : 14.7 (P.20131013)
   \   \         APPLICATION : /opt/Xilinx/14.7/ISE_DS/ISE/bin/lin64/unwrapped/compxlib
   /   /         CONTENTS    : Compilation Log
  /___/   /\     FILENAME    : compxlib.log
  \   \  /  \    
   \___\/\___\

Release 14.7 - /opt/Xilinx/14.7/ISE_DS/ISE/bin/lin64/unwrapped/compxlib 14.7 (lin64)
Copyright (c) 1995-2013 Xilinx, Inc.  All rights reserved.

Processing command line ...
Reading the compxlib configuration file - 'compxlib.cfg' ...
Library Source Paths => '/opt/Xilinx/14.7/ISE_DS/ISE'
Current Working Directory => '/home/dmishins/Documents/DAPHNE/SBND_DAPHNE_FEB_FPGA'
Compilation Mode = FAST
Execute Mode = ON
Scheduling library installation & compilation for architectures: spartan6

Scheduling library installation & compilation for libraries: simprim unisim xilinxcorelib edk

Signature:-
------------------------------------------------------------------------------
/opt/Xilinx/14.7/ISE_DS/ISE/bin/lin64/unwrapped/compxlib -s mti_de -l vhdl -p /usr/local/modelsim_dlx/bin -arch spartan6 -lib unisim -lib simprim -lib xilinxcorelib -lib edk -exclude_superseded -intstyle ise 
------------------------------------------------------------------------------

Setting up the simulator 'mti_de' for compilation ...
The executable path is set to '/usr/local/modelsim_dlx/bin' ...
Setting up the source libraries for simulator 'mti_de' ...
Retrieving the .pao files for EDK library ...
Building the library hierarchies from the .pao files for EDK library ...
Assigning the netlist files to the hierarchies for EDK library ...



Compiling Xilinx HDL Libraries for 'mti_de' simulator
Model Technology ModelSim DE vcom 10.7e Compiler 2019.06 May 30 2019
Language => 'vhdl,verilog'
Output directory => '/opt/Xilinx/14.7/ISE_DS/ISE'


Library verilog.secureip will not be compiled, because precompiled info is up to date.
compxlib[verilog.secureip]: 0 error(s), 0 warning(s), 12.50 % complete



Library vhdl.unisim:vhdl.unimacro will not be compiled, because precompiled info is up to date.

Library vhdl.unisim:vhdl.secureip_vhdl_unisim will not be compiled, because precompiled info is up to date.

Library vhdl.unisim will not be compiled, because precompiled info is up to date.
compxlib[vhdl.unisim]: 0 error(s), 1 warning(s), 25.00 % complete



Library verilog.unisim:verilog.unimacro will not be compiled, because precompiled info is up to date.

Library verilog.unisim will not be compiled, because precompiled info is up to date.
compxlib[verilog.unisim]: 0 error(s), 2 warning(s), 37.50 % complete



Library vhdl.simprim:vhdl.secureip_vhdl_simprim will not be compiled, because precompiled info is up to date.

Library vhdl.simprim will not be compiled, because precompiled info is up to date.
compxlib[vhdl.simprim]: 0 error(s), 1 warning(s), 50.00 % complete



Library verilog.simprim will not be compiled, because precompiled info is up to date.
compxlib[verilog.simprim]: 0 error(s), 2 warning(s), 62.50 % complete



Library vhdl.xilinxcorelib will not be compiled, because precompiled info is up to date.
compxlib[vhdl.xilinxcorelib]: 0 error(s), 357 warning(s), 75.00 % complete



Library verilog.xilinxcorelib will not be compiled, because precompiled info is up to date.
compxlib[verilog.xilinxcorelib]: 0 error(s), 1 warning(s), 87.50 % complete


Generating the file - '/opt/Xilinx/14.7/ISE_DS/ISE/.compedklib_ise_info' for EDK ...

Library edk:cdn_axi3_master_bfm_wrap_v1_00_a will not be compiled, because precompiled info is up to date.

Library edk:cdn_axi3_master_bfm_wrap_v2_01_a will not be compiled, because precompiled info is up to date.

Library edk:cdn_axi3_master_bfm_wrap_v2_01_b will not be compiled, because precompiled info is up to date.

Library edk:cdn_axi3_slave_bfm_wrap_v1_00_a will not be compiled, because precompiled info is up to date.

Library edk:cdn_axi3_slave_bfm_wrap_v2_01_a will not be compiled, because precompiled info is up to date.

Library edk:cdn_axi3_slave_bfm_wrap_v2_01_b will not be compiled, because precompiled info is up to date.

Library edk:cdn_axi4_lite_master_bfm_wrap_v1_00_a will not be compiled, because precompiled info is up to date.

Library edk:cdn_axi4_lite_master_bfm_wrap_v2_00_a will not be compiled, because precompiled info is up to date.

Library edk:cdn_axi4_lite_master_bfm_wrap_v2_01_a will not be compiled, because precompiled info is up to date.

Library edk:cdn_axi4_lite_master_bfm_wrap_v2_01_b will not be compiled, because precompiled info is up to date.

Library edk:cdn_axi4_lite_slave_bfm_wrap_v1_00_a will not be compiled, because precompiled info is up to date.

Library edk:cdn_axi4_lite_slave_bfm_wrap_v2_00_a will not be compiled, because precompiled info is up to date.

Library edk:cdn_axi4_lite_slave_bfm_wrap_v2_01_a will not be compiled, because precompiled info is up to date.

Library edk:cdn_axi4_lite_slave_bfm_wrap_v2_01_b will not be compiled, because precompiled info is up to date.

Library edk:cdn_axi4_master_bfm_wrap_v1_00_a will not be compiled, because precompiled info is up to date.

Library edk:cdn_axi4_master_bfm_wrap_v2_00_a will not be compiled, because precompiled info is up to date.

Library edk:cdn_axi4_master_bfm_wrap_v2_01_a will not be compiled, because precompiled info is up to date.

Library edk:cdn_axi4_master_bfm_wrap_v2_01_b will not be compiled, because precompiled info is up to date.

Library edk:cdn_axi4_slave_bfm_wrap_v1_00_a will not be compiled, because precompiled info is up to date.

Library edk:cdn_axi4_slave_bfm_wrap_v2_00_a will not be compiled, because precompiled info is up to date.

Library edk:cdn_axi4_slave_bfm_wrap_v2_01_a will not be compiled, because precompiled info is up to date.

Library edk:cdn_axi4_slave_bfm_wrap_v2_01_b will not be compiled, because precompiled info is up to date.

Library edk:cdn_axi4_streaming_master_bfm_wrap_v1_00_a will not be compiled, because precompiled info is up to date.

Library edk:cdn_axi4_streaming_master_bfm_wrap_v2_01_a will not be compiled, because precompiled info is up to date.

Library edk:cdn_axi4_streaming_master_bfm_wrap_v2_01_b will not be compiled, because precompiled info is up to date.

Library edk:cdn_axi4_streaming_slave_bfm_wrap_v1_00_a will not be compiled, because precompiled info is up to date.

Library edk:cdn_axi4_streaming_slave_bfm_wrap_v2_01_a will not be compiled, because precompiled info is up to date.

Library edk:cdn_axi4_streaming_slave_bfm_wrap_v2_01_b will not be compiled, because precompiled info is up to date.

Library edk:proc_common_v3_00_a will not be compiled, because precompiled info is up to date.

Library edk:ahblite_axi_bridge_v1_00_a will not be compiled, because precompiled info is up to date.

Library edk:common_v1_00_a will not be compiled, because precompiled info is up to date.

Library edk:apu_fpu_v3_10_a will not be compiled, because precompiled info is up to date.

Library edk:apu_fpu_virtex5_v1_01_a will not be compiled, because precompiled info is up to date.

Library edk:axi2axi_connector_v1_00_a will not be compiled, because precompiled info is up to date.

Library edk:axi_7series_ddrx_v1_06_a will not be compiled, because precompiled info is up to date.

Library edk:axi_7series_ddrx_v1_07_a will not be compiled, because precompiled info is up to date.

Library edk:axi_7series_ddrx_v1_08_a will not be compiled, because precompiled info is up to date.

Library edk:axi_ahblite_bridge_v1_00_a will not be compiled, because precompiled info is up to date.

Library edk:axi_ahblite_bridge_v1_01_a will not be compiled, because precompiled info is up to date.

Library edk:axi_apb_bridge_v1_00_a will not be compiled, because precompiled info is up to date.

Library edk:axi_apb_bridge_v1_01_a will not be compiled, because precompiled info is up to date.

Library edk:axi_bram_ctrl_v1_03_a will not be compiled, because precompiled info is up to date.

Library edk:lib_common_v1_00_a will not be compiled, because precompiled info is up to date.

Library edk:axi_lite_ipif_v1_01_a will not be compiled, because precompiled info is up to date.

Library edk:axi_can_v1_01_a will not be compiled, because precompiled info is up to date.

Library edk:axi_can_v1_02_a will not be compiled, because precompiled info is up to date.

Library edk:axi_can_v1_03_a will not be compiled, because precompiled info is up to date.

Library edk:axi_datamover_v3_00_a will not be compiled, because precompiled info is up to date.

Library edk:axi_sg_v3_00_a will not be compiled, because precompiled info is up to date.

Library edk:axi_cdma_v3_02_a will not be compiled, because precompiled info is up to date.

Library edk:axi_datamover_v4_00_a will not be compiled, because precompiled info is up to date.

Library edk:axi_sg_v4_00_a will not be compiled, because precompiled info is up to date.

Library edk:axi_cdma_v3_03_a will not be compiled, because precompiled info is up to date.

Library edk:axi_datamover_v4_02_a will not be compiled, because precompiled info is up to date.

Library edk:axi_sg_v4_03_a will not be compiled, because precompiled info is up to date.

Library edk:axi_cdma_v3_04_a will not be compiled, because precompiled info is up to date.

Library edk:axi_chip2chip_v1_00_a will not be compiled, because precompiled info is up to date.

Library edk:axi_chip2chip_v2_00_a will not be compiled, because precompiled info is up to date.

Library edk:axi_chip2chip_v3_00_a will not be compiled, because precompiled info is up to date.

Library edk:axi_datamover_v4_01_a will not be compiled, because precompiled info is up to date.

Library edk:axi_dma_v5_00_a will not be compiled, because precompiled info is up to date.

Library edk:axi_sg_v4_01_a will not be compiled, because precompiled info is up to date.

Library edk:axi_dma_v6_01_a will not be compiled, because precompiled info is up to date.

Library edk:axi_sg_v4_02_a will not be compiled, because precompiled info is up to date.

Library edk:axi_dma_v6_02_a will not be compiled, because precompiled info is up to date.

Library edk:axi_dma_v6_03_a will not be compiled, because precompiled info is up to date.

Library edk:axi_lite_ipif_v1_00_a will not be compiled, because precompiled info is up to date.

Library edk:axi_slave_burst_v1_00_a will not be compiled, because precompiled info is up to date.

Library edk:emc_common_v5_00_a will not be compiled, because precompiled info is up to date.

Library edk:axi_emc_v1_00_a will not be compiled, because precompiled info is up to date.

Library edk:emc_common_v5_01_a will not be compiled, because precompiled info is up to date.

Library edk:axi_emc_v1_01_a will not be compiled, because precompiled info is up to date.

Library edk:emc_common_v5_02_a will not be compiled, because precompiled info is up to date.

Library edk:axi_emc_v1_02_a will not be compiled, because precompiled info is up to date.

Library edk:emc_common_v5_03_a will not be compiled, because precompiled info is up to date.

Library edk:axi_emc_v1_03_a will not be compiled, because precompiled info is up to date.

Library edk:emc_common_v5_03_b will not be compiled, because precompiled info is up to date.

Library edk:axi_emc_v1_03_b will not be compiled, because precompiled info is up to date.

Library edk:axi_enhanced_pcie_v1_00_a will not be compiled, because precompiled info is up to date.

Library edk:axi_enhanced_pcie_v1_02_a will not be compiled, because precompiled info is up to date.

Library edk:axi_enhanced_pcie_v1_03_a will not be compiled, because precompiled info is up to date.

Library edk:axi_enhanced_pcie_v1_04_a will not be compiled, because precompiled info is up to date.

Library edk:axi_epc_v1_00_a will not be compiled, because precompiled info is up to date.

Library edk:lib_common_v1_01_a will not be compiled, because precompiled info is up to date.

Library edk:axi_ethernet_avb_wrap_v1_01_a will not be compiled, because precompiled info is up to date.

Library edk:axi_ethernet_avb_wrap_v2_01_a will not be compiled, because precompiled info is up to date.

Library edk:axi_ethernet_avb_wrap_v3_00_a will not be compiled, because precompiled info is up to date.

Library edk:axi_ethernet_pcs_pma_wrap_v1_01_a will not be compiled, because precompiled info is up to date.

Library edk:axi_ethernet_pcs_pma_wrap_v2_01_a will not be compiled, because precompiled info is up to date.

Library edk:axi_ethernet_pcs_pma_wrap_v3_00_a will not be compiled, because precompiled info is up to date.

Library edk:axi_ethernet_pcs_pma_wrap_v3_01_a will not be compiled, because precompiled info is up to date.

Library edk:axi_ethernet_soft_temac_wrap_v1_01_a will not be compiled, because precompiled info is up to date.

Library edk:axi_ethernet_soft_temac_wrap_v2_00_a will not be compiled, because precompiled info is up to date.

Library edk:axi_ethernet_soft_temac_wrap_v2_01_a will not be compiled, because precompiled info is up to date.

Library edk:axi_ethernet_soft_temac_wrap_v3_00_a will not be compiled, because precompiled info is up to date.

Library edk:axi_ethernet_soft_temac_wrap_v3_01_a will not be compiled, because precompiled info is up to date.

Library edk:axi_ethernet_stat_wrap_v1_01_a will not be compiled, because precompiled info is up to date.

Library edk:axi_ethernet_stat_wrap_v2_01_a will not be compiled, because precompiled info is up to date.

Library edk:axi_ethernet_v1_01_a will not be compiled, because precompiled info is up to date.

Library edk:axi_ethernet_v2_00_a will not be compiled, because precompiled info is up to date.

Library edk:axi_ethernet_v2_01_a will not be compiled, because precompiled info is up to date.

Library edk:axi_ethernet_v3_00_a will not be compiled, because precompiled info is up to date.

Library edk:axi_ethernet_v3_01_a will not be compiled, because precompiled info is up to date.

Library edk:axi_ethernetlite_v1_00_a will not be compiled, because precompiled info is up to date.

Library edk:axi_ethernetlite_v1_01_a will not be compiled, because precompiled info is up to date.

Library edk:axi_ethernetlite_v1_01_b will not be compiled, because precompiled info is up to date.

Library edk:axi_exerciser_v4_00_a will not be compiled, because precompiled info is up to date.

Library edk:axi_ext_master_conn_v1_00_a will not be compiled, because precompiled info is up to date.

Library edk:axi_ext_slave_conn_v1_00_a will not be compiled, because precompiled info is up to date.

Library edk:axi_fifo_mm_s_v1_00_a will not be compiled, because precompiled info is up to date.

Library edk:axi_fifo_mm_s_v2_00_a will not be compiled, because precompiled info is up to date.

Library edk:axi_fifo_mm_s_v2_01_a will not be compiled, because precompiled info is up to date.

Library edk:axi_fifo_mm_s_v3_00_a will not be compiled, because precompiled info is up to date.

Library edk:interrupt_control_v2_01_a will not be compiled, because precompiled info is up to date.

Library edk:axi_gpio_v1_01_a will not be compiled, because precompiled info is up to date.

Library edk:axi_gpio_v1_01_b will not be compiled, because precompiled info is up to date.

Library edk:hwicap_v7_00_a will not be compiled, because precompiled info is up to date.

Library edk:axi_hwicap_v1_00_a will not be compiled, because precompiled info is up to date.

Library edk:axi_hwicap_v2_00_a will not be compiled, because precompiled info is up to date.

Library edk:axi_hwicap_v2_01_a will not be compiled, because precompiled info is up to date.

Library edk:axi_hwicap_v2_02_a will not be compiled, because precompiled info is up to date.

Library edk:axi_hwicap_v2_03_a will not be compiled, because precompiled info is up to date.

Library edk:axi_iic_v1_01_a will not be compiled, because precompiled info is up to date.

Library edk:axi_iic_v1_01_b will not be compiled, because precompiled info is up to date.

Library edk:axi_iic_v1_02_a will not be compiled, because precompiled info is up to date.

Library edk:axi_intc_v1_00_a will not be compiled, because precompiled info is up to date.

Library edk:axi_intc_v1_01_a will not be compiled, because precompiled info is up to date.

Library edk:axi_intc_v1_02_a will not be compiled, because precompiled info is up to date.

Library edk:axi_intc_v1_03_a will not be compiled, because precompiled info is up to date.

Library edk:axi_intc_v1_04_a will not be compiled, because precompiled info is up to date.

Library edk:axi_interconnect_v1_04_a will not be compiled, because precompiled info is up to date.

Library edk:axi_interconnect_v1_05_a will not be compiled, because precompiled info is up to date.

Library edk:axi_interconnect_v1_06_a will not be compiled, because precompiled info is up to date.

Library edk:axi_master_burst_v1_00_a will not be compiled, because precompiled info is up to date.

Library edk:axi_master_lite_v1_00_a will not be compiled, because precompiled info is up to date.

Library edk:axi_master_lite_v2_00_a will not be compiled, because precompiled info is up to date.

Library edk:axi_pcie_mm_s_v1_00_a will not be compiled, because precompiled info is up to date.

Library edk:axi_pcie_mm_s_v1_02_a will not be compiled, because precompiled info is up to date.

Library edk:axi_pcie_mm_s_v1_03_a will not be compiled, because precompiled info is up to date.

Library edk:axi_pcie_mm_s_v1_04_a will not be compiled, because precompiled info is up to date.

Library edk:axi_pcie_v1_00_a will not be compiled, because precompiled info is up to date.

Library edk:axi_pcie_v1_02_a will not be compiled, because precompiled info is up to date.

Library edk:axi_pcie_v1_03_a will not be compiled, because precompiled info is up to date.

Library edk:axi_pcie_v1_04_a will not be compiled, because precompiled info is up to date.

Library edk:axi_pcie_v1_05_a will not be compiled, because precompiled info is up to date.

Library edk:axi_pcie_v1_06_a will not be compiled, because precompiled info is up to date.

Library edk:axi_pcie_v1_07_a will not be compiled, because precompiled info is up to date.

Library edk:axi_pcie_v1_08_a will not be compiled, because precompiled info is up to date.

Library edk:axi_pcie_v1_09_a will not be compiled, because precompiled info is up to date.

Library edk:axi_perf_mon_v1_00_a will not be compiled, because precompiled info is up to date.

Library edk:axi_perf_mon_v2_00_a will not be compiled, because precompiled info is up to date.

Library edk:axi_perf_mon_v2_01_a will not be compiled, because precompiled info is up to date.

Library edk:axi_perf_mon_v3_00_a will not be compiled, because precompiled info is up to date.

Library edk:axi_plbv46_bridge_v2_00_a will not be compiled, because precompiled info is up to date.

Library edk:axi_plbv46_bridge_v2_01_a will not be compiled, because precompiled info is up to date.

Library edk:axi_plbv46_bridge_v2_02_a will not be compiled, because precompiled info is up to date.

Library edk:axi_protocol_checker_v1_01_a will not be compiled, because precompiled info is up to date.

Library edk:axi_quad_spi_v1_00_a will not be compiled, because precompiled info is up to date.

Library edk:axi_quad_spi_v2_00_a will not be compiled, because precompiled info is up to date.

Library edk:axi_quad_spi_v2_00_b will not be compiled, because precompiled info is up to date.

Library edk:axi_s6_ddrx_v1_06_a will not be compiled, because precompiled info is up to date.

Library edk:axi_sg_v3_01_a will not be compiled, because precompiled info is up to date.

Library edk:axi_slave_burst_v1_00_b will not be compiled, because precompiled info is up to date.

Library edk:axi_spi_v1_01_a will not be compiled, because precompiled info is up to date.

Library edk:axi_spi_v1_02_a will not be compiled, because precompiled info is up to date.

Library edk:sysace_common_v1_01_a will not be compiled, because precompiled info is up to date.

Library edk:axi_sysace_v1_00_a will not be compiled, because precompiled info is up to date.

Library edk:axi_sysace_v1_01_a will not be compiled, because precompiled info is up to date.

Library edk:axi_sysmon_adc_v1_01_a will not be compiled, because precompiled info is up to date.

Library edk:axi_sysmon_adc_v2_00_a will not be compiled, because precompiled info is up to date.

Library edk:axi_timebase_wdt_v1_00_a will not be compiled, because precompiled info is up to date.

Library edk:axi_timebase_wdt_v1_01_a will not be compiled, because precompiled info is up to date.

Library edk:axi_timer_v1_02_a will not be compiled, because precompiled info is up to date.

Library edk:axi_timer_v1_03_a will not be compiled, because precompiled info is up to date.

Library edk:axi_uart16550_v1_01_a will not be compiled, because precompiled info is up to date.

Library edk:axi_uartlite_v1_01_a will not be compiled, because precompiled info is up to date.

Library edk:axi_uartlite_v1_02_a will not be compiled, because precompiled info is up to date.

Library edk:axi_usb2_device_v1_00_a will not be compiled, because precompiled info is up to date.

Library edk:axi_usb2_device_v2_00_a will not be compiled, because precompiled info is up to date.

Library edk:axi_usb2_device_v3_00_a will not be compiled, because precompiled info is up to date.

Library edk:axi_usb2_device_v3_01_a will not be compiled, because precompiled info is up to date.

Library edk:axi_usb2_device_v3_02_a will not be compiled, because precompiled info is up to date.

Library edk:axi_v6_ddrx_v1_06_a will not be compiled, because precompiled info is up to date.

Library edk:axi_vdma_v5_02_a will not be compiled, because precompiled info is up to date.

Library edk:axi_vdma_v5_03_a will not be compiled, because precompiled info is up to date.

Library edk:axi_vdma_v5_04_a will not be compiled, because precompiled info is up to date.

Library edk:axi_xadc_v1_00_a will not be compiled, because precompiled info is up to date.

Library edk:axis_vbroadcaster_v1_00_a will not be compiled, because precompiled info is up to date.

Library edk:axis_vremapper_v1_00_a will not be compiled, because precompiled info is up to date.

Library edk:block_plus_v1_10_a will not be compiled, because precompiled info is up to date.

Library edk:block_plus_v1_10_b will not be compiled, because precompiled info is up to date.

Library edk:block_plus_v1_12_a will not be compiled, because precompiled info is up to date.

Library edk:block_plus_v1_13_a will not be compiled, because precompiled info is up to date.

Library edk:chipscope_axi_monitor_v3_02_a will not be compiled, because precompiled info is up to date.

Library edk:chipscope_axi_monitor_v3_03_a will not be compiled, because precompiled info is up to date.

Library edk:chipscope_axi_monitor_v3_05_a will not be compiled, because precompiled info is up to date.

Library edk:chipscope_icon_v1_04_a will not be compiled, because precompiled info is up to date.

Library edk:chipscope_icon_v1_05_a will not be compiled, because precompiled info is up to date.

Library edk:chipscope_icon_v1_06_a will not be compiled, because precompiled info is up to date.

Library edk:chipscope_ila_v1_03_a will not be compiled, because precompiled info is up to date.

Library edk:chipscope_ila_v1_04_a will not be compiled, because precompiled info is up to date.

Library edk:chipscope_ila_v1_05_a will not be compiled, because precompiled info is up to date.

Library edk:chipscope_opb_iba_v1_01_a will not be compiled, because precompiled info is up to date.

Library edk:chipscope_plb_iba_v1_01_a will not be compiled, because precompiled info is up to date.

Library edk:chipscope_plbv46_iba_v1_03_a will not be compiled, because precompiled info is up to date.

Library edk:chipscope_vio_v1_03_a will not be compiled, because precompiled info is up to date.

Library edk:chipscope_vio_v1_04_a will not be compiled, because precompiled info is up to date.

Library edk:chipscope_vio_v1_05_a will not be compiled, because precompiled info is up to date.

Library edk:clock_generator_v3_02_a will not be compiled, because precompiled info is up to date.

Library edk:clock_generator_v4_00_a will not be compiled, because precompiled info is up to date.

Library edk:clock_generator_v4_01_a will not be compiled, because precompiled info is up to date.

Library edk:clock_generator_v4_02_a will not be compiled, because precompiled info is up to date.

Library edk:clock_generator_v4_03_a will not be compiled, because precompiled info is up to date.

Library edk:csum_v1_00_a will not be compiled, because precompiled info is up to date.

Library edk:dcm_module_v1_00_e will not be compiled, because precompiled info is up to date.

Library edk:intc_core_v2_00_a will not be compiled, because precompiled info is up to date.

Library edk:dcr_intc_v2_00_a will not be compiled, because precompiled info is up to date.

Library edk:dcr_v29_v1_00_b will not be compiled, because precompiled info is up to date.

Library edk:dsbram_if_cntlr_v3_00_c will not be compiled, because precompiled info is up to date.

Library edk:dsocm_v10_v2_00_b will not be compiled, because precompiled info is up to date.

Library edk:emc_common_v2_00_a will not be compiled, because precompiled info is up to date.

Library edk:emc_common_v4_01_a will not be compiled, because precompiled info is up to date.

Library edk:eth_stat_wrap_v2_02_a will not be compiled, because precompiled info is up to date.

Library edk:eth_stat_wrap_v2_03_a will not be compiled, because precompiled info is up to date.

Library edk:fcb2fsl_bridge_v1_00_a will not be compiled, because precompiled info is up to date.

Library edk:fcb_v10_v1_00_a will not be compiled, because precompiled info is up to date.

Library edk:fcb_v20_v1_00_a will not be compiled, because precompiled info is up to date.

Library edk:fit_timer_v1_01_b will not be compiled, because precompiled info is up to date.

Library edk:fit_timer_v1_01_c will not be compiled, because precompiled info is up to date.

Library edk:fsl_v20_v2_11_e will not be compiled, because precompiled info is up to date.

Library edk:fsl_v20_v2_11_f will not be compiled, because precompiled info is up to date.

Library edk:gig_ethernet_pcs_pma_v11_04_a will not be compiled, because precompiled info is up to date.

Library edk:gig_ethernet_pcs_pma_v11_05_a will not be compiled, because precompiled info is up to date.

Library edk:gmii_to_rgmii_v1_00_a will not be compiled, because precompiled info is up to date.

Library edk:gmii_to_rgmii_v1_01_a will not be compiled, because precompiled info is up to date.

Library edk:hwicap_v6_00_a will not be compiled, because precompiled info is up to date.

Library edk:hwicap_v6_01_a will not be compiled, because precompiled info is up to date.

Library edk:proc_common_v2_00_a will not be compiled, because precompiled info is up to date.

Library edk:interrupt_control_v1_00_a will not be compiled, because precompiled info is up to date.

Library edk:iomodule_v1_00_a will not be compiled, because precompiled info is up to date.

Library edk:iomodule_v1_01_a will not be compiled, because precompiled info is up to date.

Library edk:iomodule_v1_02_a will not be compiled, because precompiled info is up to date.

Library edk:iomodule_v1_02_b will not be compiled, because precompiled info is up to date.

Library edk:iomodule_v1_03_a will not be compiled, because precompiled info is up to date.

Library edk:isbram_if_cntlr_v3_00_c will not be compiled, because precompiled info is up to date.

Library edk:isocm_v10_v2_00_b will not be compiled, because precompiled info is up to date.

Library edk:jtagppc_cntlr_v2_01_c will not be compiled, because precompiled info is up to date.

Library edk:lmb_bram_if_cntlr_v2_10_b will not be compiled, because precompiled info is up to date.

Library edk:lmb_bram_if_cntlr_v3_00_b will not be compiled, because precompiled info is up to date.

Library edk:lmb_bram_if_cntlr_v3_10_a will not be compiled, because precompiled info is up to date.

Library edk:lmb_bram_if_cntlr_v3_10_b will not be compiled, because precompiled info is up to date.

Library edk:lmb_bram_if_cntlr_v3_10_c will not be compiled, because precompiled info is up to date.

Library edk:lmb_v10_v1_00_a will not be compiled, because precompiled info is up to date.

Library edk:lmb_v10_v2_00_b will not be compiled, because precompiled info is up to date.

Library edk:plbv46_slave_single_v1_01_a will not be compiled, because precompiled info is up to date.

Library edk:mailbox_v1_00_a will not be compiled, because precompiled info is up to date.

Library edk:mailbox_v1_01_a will not be compiled, because precompiled info is up to date.

Library edk:mailbox_v1_01_b will not be compiled, because precompiled info is up to date.

Library edk:plbv46_slave_burst_v1_01_a will not be compiled, because precompiled info is up to date.

Library edk:mch_plbv46_slave_burst_v2_01_a will not be compiled, because precompiled info is up to date.

Library edk:mdm_v1_00_g will not be compiled, because precompiled info is up to date.

Library edk:mdm_v2_00_b will not be compiled, because precompiled info is up to date.

Library edk:mdm_v2_10_a will not be compiled, because precompiled info is up to date.

Library edk:mgt_protector_v1_00_a will not be compiled, because precompiled info is up to date.

Library edk:microblaze_v7_30_b will not be compiled, because precompiled info is up to date.

Library edk:microblaze_v8_20_b will not be compiled, because precompiled info is up to date.

Library edk:microblaze_v8_30_a will not be compiled, because precompiled info is up to date.

Library edk:microblaze_v8_40_a will not be compiled, because precompiled info is up to date.

Library edk:microblaze_v8_40_b will not be compiled, because precompiled info is up to date.

Library edk:microblaze_v8_50_a will not be compiled, because precompiled info is up to date.

Library edk:microblaze_v8_50_b will not be compiled, because precompiled info is up to date.

Library edk:microblaze_v8_50_c will not be compiled, because precompiled info is up to date.

Library edk:mii_to_rmii_v1_01_a will not be compiled, because precompiled info is up to date.

Library edk:mmcm_module_v1_00_a will not be compiled, because precompiled info is up to date.

Library edk:mpmc_v6_06_a will not be compiled, because precompiled info is up to date.

Library edk:mutex_v1_00_a will not be compiled, because precompiled info is up to date.

Library edk:rdpfifo_v1_01_b will not be compiled, because precompiled info is up to date.

Library edk:wrpfifo_v1_01_b will not be compiled, because precompiled info is up to date.

Library edk:opb_ipif_v3_01_a will not be compiled, because precompiled info is up to date.

Library edk:opb2dcr_bridge_v1_00_b will not be compiled, because precompiled info is up to date.

Library edk:plbv46_master_burst_v1_01_a will not be compiled, because precompiled info is up to date.

Library edk:opb_plbv46_bridge_v1_01_a will not be compiled, because precompiled info is up to date.

Library edk:opb_v20_v1_10_d will not be compiled, because precompiled info is up to date.

Library edk:pci_arbiter_v1_00_a will not be compiled, because precompiled info is up to date.

Library edk:proc_common_v1_00_b will not be compiled, because precompiled info is up to date.

Library edk:plb_v34_v1_02_a will not be compiled, because precompiled info is up to date.

Library edk:plb_v46_v1_04_a will not be compiled, because precompiled info is up to date.

Library edk:plb_v46_v1_05_a will not be compiled, because precompiled info is up to date.

Library edk:plbv46_axi_bridge_v2_00_a will not be compiled, because precompiled info is up to date.

Library edk:plbv46_axi_bridge_v2_01_a will not be compiled, because precompiled info is up to date.

Library edk:plbv46_dcr_bridge_v1_01_a will not be compiled, because precompiled info is up to date.

Library edk:plbv46_master_single_v1_01_a will not be compiled, because precompiled info is up to date.

Library edk:plbv46_master_v1_03_a will not be compiled, because precompiled info is up to date.

Library edk:plbv46_master_v1_04_a will not be compiled, because precompiled info is up to date.

Library edk:plbv46_opb_bridge_v1_01_a will not be compiled, because precompiled info is up to date.

Library edk:wrpfifo_v5_00_a will not be compiled, because precompiled info is up to date.

Library edk:rdpfifo_v4_01_a will not be compiled, because precompiled info is up to date.

Library edk:plbv46_slave_v1_03_a will not be compiled, because precompiled info is up to date.

Library edk:plbv46_pci_v1_03_a will not be compiled, because precompiled info is up to date.

Library edk:plbv46_slave_v1_05_a will not be compiled, because precompiled info is up to date.

Library edk:plbv46_pci_v1_04_a will not be compiled, because precompiled info is up to date.

Library edk:plbv46_slave_v1_04_a will not be compiled, because precompiled info is up to date.

Library edk:virtex6_pcie_v1_01_a will not be compiled, because precompiled info is up to date.

Library edk:spartan6_pcie_v1_01_a will not be compiled, because precompiled info is up to date.

Library edk:plbv46_pcie_v4_01_a will not be compiled, because precompiled info is up to date.

Library edk:virtex6_pcie_v1_02_a will not be compiled, because precompiled info is up to date.

Library edk:spartan6_pcie_v1_02_a will not be compiled, because precompiled info is up to date.

Library edk:plbv46_pcie_v4_02_a will not be compiled, because precompiled info is up to date.

Library edk:virtex6_pcie_v1_04_a will not be compiled, because precompiled info is up to date.

Library edk:spartan6_pcie_v1_04_a will not be compiled, because precompiled info is up to date.

Library edk:plbv46_pcie_v4_04_a will not be compiled, because precompiled info is up to date.

Library edk:virtex6_pcie_v1_05_a will not be compiled, because precompiled info is up to date.

Library edk:plbv46_pcie_v4_05_a will not be compiled, because precompiled info is up to date.

Library edk:plbv46_pcie_v4_06_a will not be compiled, because precompiled info is up to date.

Library edk:virtex6_pcie_v1_06_a will not be compiled, because precompiled info is up to date.

Library edk:plbv46_pcie_v4_07_a will not be compiled, because precompiled info is up to date.

Library edk:plbv46_slave_v1_02_a will not be compiled, because precompiled info is up to date.

Library edk:plbv46_plbv46_bridge_v1_02_b will not be compiled, because precompiled info is up to date.

Library edk:wrpfifo_v5_01_a will not be compiled, because precompiled info is up to date.

Library edk:rdpfifo_v4_02_a will not be compiled, because precompiled info is up to date.

Library edk:plbv46_plbv46_bridge_v1_03_a will not be compiled, because precompiled info is up to date.

Library edk:plbv46_plbv46_bridge_v1_04_a will not be compiled, because precompiled info is up to date.

Library edk:pll_module_v2_00_a will not be compiled, because precompiled info is up to date.

Library edk:ppc405_virtex4_v2_01_b will not be compiled, because precompiled info is up to date.

Library edk:ppc440_virtex5_v1_01_a will not be compiled, because precompiled info is up to date.

Library edk:ppc440mc_ddr2_v3_00_b will not be compiled, because precompiled info is up to date.

Library edk:ppc440mc_ddr2_v3_00_c will not be compiled, because precompiled info is up to date.

Library edk:proc_sys_reset_v2_00_a will not be compiled, because precompiled info is up to date.

Library edk:proc_sys_reset_v3_00_a will not be compiled, because precompiled info is up to date.

Library edk:proc_utils_v1_00_a will not be compiled, because precompiled info is up to date.

Library edk:processing_system7_v3_00_a will not be compiled, because precompiled info is up to date.

Library edk:processing_system7_v4_00_a will not be compiled, because precompiled info is up to date.

Library edk:processing_system7_v4_01_a will not be compiled, because precompiled info is up to date.

Library edk:processing_system7_v4_02_a will not be compiled, because precompiled info is up to date.

Library edk:processing_system7_v4_03_a will not be compiled, because precompiled info is up to date.

Library edk:soft_temac_wrap_v2_02_a will not be compiled, because precompiled info is up to date.

Library edk:soft_temac_wrap_v2_03_a will not be compiled, because precompiled info is up to date.

Library edk:spartan6_pcie_v1_03_a will not be compiled, because precompiled info is up to date.

Library edk:system_cache_v1_00_a will not be compiled, because precompiled info is up to date.

Library edk:system_cache_v1_01_a will not be compiled, because precompiled info is up to date.

Library edk:system_cache_v1_01_b will not be compiled, because precompiled info is up to date.

Library edk:system_cache_v1_01_c will not be compiled, because precompiled info is up to date.

Library edk:system_cache_v2_00_a will not be compiled, because precompiled info is up to date.

Library edk:system_cache_v2_00_b will not be compiled, because precompiled info is up to date.

Library edk:util_bus_split_v1_00_a will not be compiled, because precompiled info is up to date.

Library edk:util_ds_buf_v1_01_a will not be compiled, because precompiled info is up to date.

Library edk:util_flipflop_v1_10_a will not be compiled, because precompiled info is up to date.

Library edk:util_io_mux_v1_00_a will not be compiled, because precompiled info is up to date.

Library edk:util_reduced_logic_v1_00_a will not be compiled, because precompiled info is up to date.

Library edk:util_vector_logic_v1_00_a will not be compiled, because precompiled info is up to date.

Library edk:v_axi4s_vid_out_v2_00_a will not be compiled, because precompiled info is up to date.

Library edk:v_axi4s_vid_out_v2_01_a will not be compiled, because precompiled info is up to date.

Library edk:v_tc_v4_00_a will not be compiled, because precompiled info is up to date.

Library edk:v_ccm_v4_00_a will not be compiled, because precompiled info is up to date.

Library edk:v_tc_v5_00_a will not be compiled, because precompiled info is up to date.

Library edk:v_ccm_v5_00_a will not be compiled, because precompiled info is up to date.

Library edk:v_tc_v5_01_a will not be compiled, because precompiled info is up to date.

Library edk:v_ccm_v5_01_a will not be compiled, because precompiled info is up to date.

Library edk:v_cfa_v5_00_a will not be compiled, because precompiled info is up to date.

Library edk:v_cfa_v6_00_a will not be compiled, because precompiled info is up to date.

Library edk:v_cfa_v6_01_a will not be compiled, because precompiled info is up to date.

Library edk:v_cresample_v2_00_a will not be compiled, because precompiled info is up to date.

Library edk:v_cresample_v3_00_a will not be compiled, because precompiled info is up to date.

Library edk:v_cresample_v3_01_a will not be compiled, because precompiled info is up to date.

Library edk:v_deinterlacer_v2_00_a will not be compiled, because precompiled info is up to date.

Library edk:v_deinterlacer_v3_00_a will not be compiled, because precompiled info is up to date.

Library edk:v_enhance_v4_00_a will not be compiled, because precompiled info is up to date.

Library edk:v_enhance_v5_00_a will not be compiled, because precompiled info is up to date.

Library edk:v_enhance_v5_01_a will not be compiled, because precompiled info is up to date.

Library edk:v_enhance_v6_00_a will not be compiled, because precompiled info is up to date.

Library edk:v_gamma_v5_00_a will not be compiled, because precompiled info is up to date.

Library edk:v_gamma_v6_00_a will not be compiled, because precompiled info is up to date.

Library edk:v_gamma_v6_01_a will not be compiled, because precompiled info is up to date.

Library edk:v_ic_v3_00_a will not be compiled, because precompiled info is up to date.

Library edk:v_manr_v4_00_a will not be compiled, because precompiled info is up to date.

Library edk:v_manr_v5_00_a will not be compiled, because precompiled info is up to date.

Library edk:v_manr_v5_01_a will not be compiled, because precompiled info is up to date.

Library edk:v_noise_v4_00_a will not be compiled, because precompiled info is up to date.

Library edk:v_noise_v5_00_a will not be compiled, because precompiled info is up to date.

Library edk:v_noise_v5_01_a will not be compiled, because precompiled info is up to date.

Library edk:v_objseg_v3_00_a will not be compiled, because precompiled info is up to date.

Library edk:v_osd_v4_00_a will not be compiled, because precompiled info is up to date.

Library edk:v_osd_v5_00_a will not be compiled, because precompiled info is up to date.

Library edk:v_osd_v5_01_a will not be compiled, because precompiled info is up to date.

Library edk:v_rgb2ycrcb_v5_00_a will not be compiled, because precompiled info is up to date.

Library edk:v_rgb2ycrcb_v6_00_a will not be compiled, because precompiled info is up to date.

Library edk:v_rgb2ycrcb_v6_01_a will not be compiled, because precompiled info is up to date.

Library edk:v_scaler_v6_00_a will not be compiled, because precompiled info is up to date.

Library edk:v_scaler_v7_00_a will not be compiled, because precompiled info is up to date.

Library edk:v_scaler_v7_01_a will not be compiled, because precompiled info is up to date.

Library edk:v_spc_v5_00_a will not be compiled, because precompiled info is up to date.

Library edk:v_spc_v6_00_a will not be compiled, because precompiled info is up to date.

Library edk:v_spc_v6_01_a will not be compiled, because precompiled info is up to date.

Library edk:v_stats_v4_00_a will not be compiled, because precompiled info is up to date.

Library edk:v_stats_v5_00_a will not be compiled, because precompiled info is up to date.

Library edk:v_stats_v5_01_a will not be compiled, because precompiled info is up to date.

Library edk:v_tpg_v4_00_a will not be compiled, because precompiled info is up to date.

Library edk:v_vid_in_axi4s_v2_00_a will not be compiled, because precompiled info is up to date.

Library edk:v_vid_in_axi4s_v2_01_a will not be compiled, because precompiled info is up to date.

Library edk:v_ycrcb2rgb_v5_00_a will not be compiled, because precompiled info is up to date.

Library edk:v_ycrcb2rgb_v6_00_a will not be compiled, because precompiled info is up to date.

Library edk:v_ycrcb2rgb_v6_01_a will not be compiled, because precompiled info is up to date.

Library edk:virtex6_pcie_v1_03_a will not be compiled, because precompiled info is up to date.

Library edk:xps_bram_if_cntlr_v1_00_b will not be compiled, because precompiled info is up to date.

Library edk:xps_can_v3_00_a will not be compiled, because precompiled info is up to date.

Library edk:xps_can_v3_01_a will not be compiled, because precompiled info is up to date.

Library edk:xps_central_dma_v2_01_b will not be compiled, because precompiled info is up to date.

Library edk:xps_central_dma_v2_01_c will not be compiled, because precompiled info is up to date.

Library edk:xps_central_dma_v2_02_a will not be compiled, because precompiled info is up to date.

Library edk:xps_central_dma_v2_03_a will not be compiled, because precompiled info is up to date.

Library edk:xps_deltasigma_adc_v1_01_a will not be compiled, because precompiled info is up to date.

Library edk:xps_deltasigma_dac_v1_01_a will not be compiled, because precompiled info is up to date.

Library edk:xps_epc_v1_02_a will not be compiled, because precompiled info is up to date.

Library edk:xps_ethernetlite_v3_01_a will not be compiled, because precompiled info is up to date.

Library edk:xps_ethernetlite_v4_00_a will not be compiled, because precompiled info is up to date.

Library edk:xps_gpio_v2_00_a will not be compiled, because precompiled info is up to date.

Library edk:xps_hwicap_v5_00_a will not be compiled, because precompiled info is up to date.

Library edk:xps_hwicap_v5_01_a will not be compiled, because precompiled info is up to date.

Library edk:xps_iic_v2_01_a will not be compiled, because precompiled info is up to date.

Library edk:xps_iic_v2_02_a will not be compiled, because precompiled info is up to date.

Library edk:xps_iic_v2_03_a will not be compiled, because precompiled info is up to date.

Library edk:xps_spi_v2_01_b will not be compiled, because precompiled info is up to date.

Library edk:xps_insystem_flash_v1_01_b will not be compiled, because precompiled info is up to date.

Library edk:xps_spi_v2_02_a will not be compiled, because precompiled info is up to date.

Library edk:xps_insystem_flash_v1_02_a will not be compiled, because precompiled info is up to date.

Library edk:xps_intc_v2_00_a will not be compiled, because precompiled info is up to date.

Library edk:xps_intc_v2_01_a will not be compiled, because precompiled info is up to date.

Library edk:xps_ll_fifo_v1_02_a will not be compiled, because precompiled info is up to date.

Library edk:xps_ll_temac_v2_03_a will not be compiled, because precompiled info is up to date.

Library edk:xps_mailbox_v2_00_b will not be compiled, because precompiled info is up to date.

Library edk:xps_mch_emc_v3_01_a will not be compiled, because precompiled info is up to date.

Library edk:xps_most_nic_v1_01_a will not be compiled, because precompiled info is up to date.

Library edk:xps_most_nic_v1_02_a will not be compiled, because precompiled info is up to date.

Library edk:xps_most_nic_v1_03_a will not be compiled, because precompiled info is up to date.

Library edk:xps_mutex_v1_00_d will not be compiled, because precompiled info is up to date.

Library edk:xps_ps2_v1_01_a will not be compiled, because precompiled info is up to date.

Library edk:xps_ps2_v1_01_b will not be compiled, because precompiled info is up to date.

Library edk:xps_sysace_v1_01_a will not be compiled, because precompiled info is up to date.

Library edk:xps_sysmon_adc_v2_00_a will not be compiled, because precompiled info is up to date.

Library edk:xps_sysmon_adc_v3_00_a will not be compiled, because precompiled info is up to date.

Library edk:xps_sysmon_adc_v3_00_b will not be compiled, because precompiled info is up to date.

Library edk:xps_tft_v2_01_a will not be compiled, because precompiled info is up to date.

Library edk:xps_timebase_wdt_v1_01_a will not be compiled, because precompiled info is up to date.

Library edk:xps_timebase_wdt_v1_02_a will not be compiled, because precompiled info is up to date.

Library edk:xps_timer_v1_01_b will not be compiled, because precompiled info is up to date.

Library edk:xps_timer_v1_02_a will not be compiled, because precompiled info is up to date.

Library edk:xps_uart16550_v3_00_a will not be compiled, because precompiled info is up to date.

Library edk:xps_uartlite_v1_01_a will not be compiled, because precompiled info is up to date.

Library edk:xps_uartlite_v1_02_a will not be compiled, because precompiled info is up to date.

Library edk:xps_usb2_device_v2_00_a will not be compiled, because precompiled info is up to date.

Library edk:xps_usb2_device_v3_00_a will not be compiled, because precompiled info is up to date.

Library edk:xps_usb2_device_v3_01_a will not be compiled, because precompiled info is up to date.

Library edk:xps_usb2_device_v4_00_a will not be compiled, because precompiled info is up to date.

Library edk:xps_usb2_device_v5_00_a will not be compiled, because precompiled info is up to date.

Library edk:xps_usb2_device_v6_00_a will not be compiled, because precompiled info is up to date.

Library edk:xps_usb2_device_v7_00_a will not be compiled, because precompiled info is up to date.

Library edk:xps_usb2_device_v7_01_a will not be compiled, because precompiled info is up to date.

Library edk will not be compiled, because precompiled info is up to date.
compxlib[edk]: 0 error(s), 720 warning(s), 100.00 % complete


Setup file '/opt/Xilinx/14.7/ISE_DS/ISE/verilog/mti_de/10.7e/lin64/modelsim.ini' exists, no copying from 'modelsim.ini' ...
