INFO:sim:172 - Generating IP...
Applying current project options...
Finished applying current project options.
WARNING:sim - A core named 'SCFIFO_1kx16' already exists in the project. Output
   products for this core may be overwritten.
Resolving generics for 'SCFIFO_1kx16'...
WARNING:sim - A core named 'SCFIFO_1kx16' already exists in the project. Output
   products for this core may be overwritten.
Applying external generics to 'SCFIFO_1kx16'...
Delivering associated files for 'SCFIFO_1kx16'...
Delivering EJava files for 'SCFIFO_1kx16'...
Generating implementation netlist for 'SCFIFO_1kx16'...
INFO:sim - Pre-processing HDL files for 'SCFIFO_1kx16'...
WARNING:sim - BlackBox generator run option '-ifmt' found multiple times. Only
   the first occurence is considered.
Running synthesis for 'SCFIFO_1kx16'
Running ngcbuild...
Writing VHO instantiation template for 'SCFIFO_1kx16'...
Writing VHDL behavioral simulation model for 'SCFIFO_1kx16'...
WARNING:sim - Overwriting existing file
   /media/dmishins/MISHINS/FROM14CPU/Desktop/AFEDM/ipcore_dir/tmp/_cg/SCFIFO_1kx
   16/doc/fifo_generator_v9_3_vinfo.html with file from view
   xilinx_documentation
Delivered 3 files into directory
/media/dmishins/MISHINS/FROM14CPU/Desktop/AFEDM/ipcore_dir/tmp/_cg/SCFIFO_1kx16
Delivered 1 file into directory
/media/dmishins/MISHINS/FROM14CPU/Desktop/AFEDM/ipcore_dir/tmp/_cg/SCFIFO_1kx16
Generating ASY schematic symbol...
INFO:sim:949 - Finished generation of ASY schematic symbol.
Generating SYM schematic symbol for 'SCFIFO_1kx16'...
Generating metadata file...
Regenerating ISE project file for 'SCFIFO_1kx16'...
Generating ISE project...
XCO file found: SCFIFO_1kx16.xco
XMDF file found: SCFIFO_1kx16_xmdf.tcl
Adding
/media/dmishins/MISHINS/FROM14CPU/Desktop/AFEDM/ipcore_dir/tmp/_cg/SCFIFO_1kx16.
asy -view all -origin_type imported
Adding
/media/dmishins/MISHINS/FROM14CPU/Desktop/AFEDM/ipcore_dir/tmp/_cg/SCFIFO_1kx16.
ngc -view all -origin_type created
Checking file
"/media/dmishins/MISHINS/FROM14CPU/Desktop/AFEDM/ipcore_dir/tmp/_cg/SCFIFO_1kx16
.ngc" for project device match ...
File
"/media/dmishins/MISHINS/FROM14CPU/Desktop/AFEDM/ipcore_dir/tmp/_cg/SCFIFO_1kx16
.ngc" device information matches project device.
Adding
/media/dmishins/MISHINS/FROM14CPU/Desktop/AFEDM/ipcore_dir/tmp/_cg/SCFIFO_1kx16.
sym -view all -origin_type imported
Adding
/media/dmishins/MISHINS/FROM14CPU/Desktop/AFEDM/ipcore_dir/tmp/_cg/SCFIFO_1kx16.
vhd -view all -origin_type created
INFO:HDLCompiler:1061 - Parsing VHDL file
   "/media/dmishins/MISHINS/FROM14CPU/Desktop/AFEDM/ipcore_dir/tmp/_cg/SCFIFO_1k
   x16.vhd" into library work
INFO:ProjectMgmt - Parsing design hierarchy completed successfully.
Adding
/media/dmishins/MISHINS/FROM14CPU/Desktop/AFEDM/ipcore_dir/tmp/_cg/SCFIFO_1kx16.
vho -view all -origin_type imported
INFO:TclTasksC:2116 - The automatic calculation of top has been turned-off.
   Please set the new top explicitly by running the "project set top" command.
   To re-calculate the new top automatically, set the "Auto Implementation Top"
   property to true.
Top level has been set to "/SCFIFO_1kx16"
Generating README file...
Generating FLIST file...
INFO:sim:948 - Finished FLIST file generation.
Launching README viewer...
Moving files to output directory...
Finished moving files to output directory
Wrote CGP file for project 'SCFIFO_1kx16'.
